<?xml version="1.0" encoding="UTF-8"?>
<!-- Generated by org.testng.reporters.JUnitReportReporter -->
<testsuite hostname="LAPTOP-52I7J3D0" failures="0" tests="3" name="testng.StestNG2" time="0.006" errors="0" timestamp="2021-07-20T03:59:45 EDT" skipped="0">
  <testcase classname="testng.StestNG2" name="test1" time="0.005"/>
  <system-out/>
  <testcase classname="testng.StestNG2" name="test2" time="0.001"/>
  <system-out/>
  <testcase classname="testng.StestNG2" name="test3" time="0.000"/>
  <system-out/>
</testsuite> <!-- testng.StestNG2 -->
