<?xml version="1.0" encoding="UTF-8"?>
<!-- Generated by org.testng.reporters.JUnitReportReporter -->
<testsuite hostname="LAPTOP-52I7J3D0" failures="0" tests="1" name="testng.Shams3" time="0.004" errors="0" timestamp="2021-07-15T07:21:21 EDT" skipped="0">
  <testcase classname="testng.Shams3" name="test" time="0.004"/>
  <system-out/>
</testsuite> <!-- testng.Shams3 -->
