<?xml version="1.0" encoding="UTF-8"?>
<!-- Generated by org.testng.reporters.JUnitReportReporter -->
<testsuite hostname="LAPTOP-52I7J3D0" failures="0" tests="1" name="testng.methods" time="2.688" errors="0" timestamp="2021-08-30T00:38:10 EDT" skipped="0">
  <testcase classname="testng.methods" name="mobileBu" time="2.688"/>
  <system-out/>
</testsuite> <!-- testng.methods -->
