<?xml version="1.0" encoding="UTF-8"?>
<!-- Generated by org.testng.reporters.JUnitReportReporter -->
<testsuite hostname="LAPTOP-52I7J3D0" failures="0" tests="3" name="testng1.GroupOne" time="0.006" errors="0" timestamp="2021-07-20T08:27:24 EDT" skipped="0">
  <testcase classname="testng1.GroupOne" name="test1" time="0.004"/>
  <system-out/>
  <testcase classname="testng1.GroupOne" name="test2" time="0.001"/>
  <system-out/>
  <testcase classname="testng1.GroupOne" name="test3" time="0.001"/>
  <system-out/>
</testsuite> <!-- testng1.GroupOne -->
