<?xml version="1.0" encoding="UTF-8"?>
<!-- Generated by org.testng.reporters.JUnitReportReporter -->
<testsuite hostname="LAPTOP-52I7J3D0" failures="0" tests="2" name="testng.ShamsTestNg" time="0.001" errors="0" timestamp="2021-07-20T07:10:22 EDT" skipped="0">
  <testcase classname="testng.ShamsTestNg" name="test3" time="0.000"/>
  <system-out/>
  <testcase classname="testng.ShamsTestNg" name="test2" time="0.001"/>
  <system-out/>
</testsuite> <!-- testng.ShamsTestNg -->
