<?xml version="1.0" encoding="UTF-8"?>
<!-- Generated by org.testng.reporters.JUnitReportReporter -->
<testsuite hostname="LAPTOP-52I7J3D0" failures="0" tests="1" name="testng.Shams2" time="0.007" errors="0" timestamp="2021-07-15T07:19:17 EDT" skipped="0">
  <testcase classname="testng.Shams2" name="testcase4" time="0.007"/>
  <system-out/>
</testsuite> <!-- testng.Shams2 -->
